{"/mnt/c/dev/clean-code-tdd/src/presentation/controllers/signup/signup-protocols.ts": {"path":"/mnt/c/dev/clean-code-tdd/src/presentation/controllers/signup/signup-protocols.ts","statementMap":{"0":{"start":{"line":1,"column":0},"end":{"line":1,"column":31}},"1":{"start":{"line":2,"column":0},"end":{"line":2,"column":47}},"2":{"start":{"line":3,"column":0},"end":{"line":3,"column":52}},"3":{"start":{"line":4,"column":0},"end":{"line":4,"column":46}}},"fnMap":{},"branchMap":{},"s":{"0":0,"1":0,"2":0,"3":0},"f":{},"b":{}}
,"/mnt/c/dev/clean-code-tdd/src/presentation/controllers/signup/signup.ts": {"path":"/mnt/c/dev/clean-code-tdd/src/presentation/controllers/signup/signup.ts","statementMap":{"0":{"start":{"line":2,"column":0},"end":{"line":2,"column":67}},"1":{"start":{"line":3,"column":0},"end":{"line":3,"column":67}},"2":{"start":{"line":10,"column":4},"end":{"line":10,"column":null}},"3":{"start":{"line":11,"column":4},"end":{"line":11,"column":null}},"4":{"start":{"line":15,"column":4},"end":{"line":37,"column":null}},"5":{"start":{"line":16,"column":29},"end":{"line":16,"column":82}},"6":{"start":{"line":17,"column":6},"end":{"line":21,"column":null}},"7":{"start":{"line":18,"column":8},"end":{"line":20,"column":null}},"8":{"start":{"line":19,"column":10},"end":{"line":19,"column":null}},"9":{"start":{"line":22,"column":62},"end":{"line":22,"column":78}},"10":{"start":{"line":23,"column":6},"end":{"line":25,"column":null}},"11":{"start":{"line":24,"column":8},"end":{"line":24,"column":null}},"12":{"start":{"line":26,"column":22},"end":{"line":26,"column":56}},"13":{"start":{"line":27,"column":6},"end":{"line":29,"column":null}},"14":{"start":{"line":28,"column":8},"end":{"line":28,"column":null}},"15":{"start":{"line":30,"column":6},"end":{"line":34,"column":null}},"16":{"start":{"line":36,"column":6},"end":{"line":36,"column":null}},"17":{"start":{"line":5,"column":0},"end":{"line":5,"column":13}}},"fnMap":{"0":{"name":"(anonymous_0)","decl":{"start":{"line":9,"column":2},"end":{"line":9,"column":15}},"loc":{"start":{"line":9,"column":69},"end":{"line":12,"column":3}}},"1":{"name":"(anonymous_1)","decl":{"start":{"line":14,"column":2},"end":{"line":14,"column":8}},"loc":{"start":{"line":14,"column":34},"end":{"line":38,"column":3}}}},"branchMap":{"0":{"loc":{"start":{"line":18,"column":8},"end":{"line":20,"column":null}},"type":"if","locations":[{"start":{"line":18,"column":8},"end":{"line":20,"column":null}},{"start":{"line":18,"column":8},"end":{"line":20,"column":null}}]},"1":{"loc":{"start":{"line":23,"column":6},"end":{"line":25,"column":null}},"type":"if","locations":[{"start":{"line":23,"column":6},"end":{"line":25,"column":null}},{"start":{"line":23,"column":6},"end":{"line":25,"column":null}}]},"2":{"loc":{"start":{"line":27,"column":6},"end":{"line":29,"column":null}},"type":"if","locations":[{"start":{"line":27,"column":6},"end":{"line":29,"column":null}},{"start":{"line":27,"column":6},"end":{"line":29,"column":null}}]}},"s":{"0":1,"1":1,"2":9,"3":9,"4":9,"5":9,"6":9,"7":30,"8":4,"9":5,"10":5,"11":1,"12":4,"13":3,"14":1,"15":2,"16":1,"17":1},"f":{"0":9,"1":9},"b":{"0":[4,26],"1":[1,4],"2":[1,2]}}
,"/mnt/c/dev/clean-code-tdd/src/presentation/errors/index.ts": {"path":"/mnt/c/dev/clean-code-tdd/src/presentation/errors/index.ts","statementMap":{"0":{"start":{"line":1,"column":0},"end":{"line":1,"column":37}},"1":{"start":{"line":2,"column":0},"end":{"line":2,"column":37}},"2":{"start":{"line":3,"column":0},"end":{"line":3,"column":30}}},"fnMap":{},"branchMap":{},"s":{"0":1,"1":1,"2":1},"f":{},"b":{}}
,"/mnt/c/dev/clean-code-tdd/src/presentation/errors/invalid-param-error.ts": {"path":"/mnt/c/dev/clean-code-tdd/src/presentation/errors/invalid-param-error.ts","statementMap":{"0":{"start":{"line":3,"column":4},"end":{"line":3,"column":null}},"1":{"start":{"line":4,"column":4},"end":{"line":4,"column":null}},"2":{"start":{"line":1,"column":0},"end":{"line":1,"column":13}}},"fnMap":{"0":{"name":"(anonymous_0)","decl":{"start":{"line":2,"column":2},"end":{"line":2,"column":15}},"loc":{"start":{"line":2,"column":32},"end":{"line":5,"column":3}}}},"branchMap":{},"s":{"0":4,"1":4,"2":1},"f":{"0":4},"b":{}}
,"/mnt/c/dev/clean-code-tdd/src/presentation/errors/missing-param-error.ts": {"path":"/mnt/c/dev/clean-code-tdd/src/presentation/errors/missing-param-error.ts","statementMap":{"0":{"start":{"line":3,"column":4},"end":{"line":3,"column":null}},"1":{"start":{"line":4,"column":4},"end":{"line":4,"column":null}},"2":{"start":{"line":1,"column":0},"end":{"line":1,"column":13}}},"fnMap":{"0":{"name":"(anonymous_0)","decl":{"start":{"line":2,"column":2},"end":{"line":2,"column":15}},"loc":{"start":{"line":2,"column":32},"end":{"line":5,"column":3}}}},"branchMap":{},"s":{"0":8,"1":8,"2":1},"f":{"0":8},"b":{}}
,"/mnt/c/dev/clean-code-tdd/src/presentation/errors/server-error.ts": {"path":"/mnt/c/dev/clean-code-tdd/src/presentation/errors/server-error.ts","statementMap":{"0":{"start":{"line":3,"column":4},"end":{"line":3,"column":null}},"1":{"start":{"line":4,"column":4},"end":{"line":4,"column":null}},"2":{"start":{"line":1,"column":0},"end":{"line":1,"column":13}}},"fnMap":{"0":{"name":"(anonymous_0)","decl":{"start":{"line":2,"column":2},"end":{"line":2,"column":null}},"loc":{"start":{"line":2,"column":2},"end":{"line":5,"column":3}}}},"branchMap":{},"s":{"0":2,"1":2,"2":1},"f":{"0":2},"b":{}}
,"/mnt/c/dev/clean-code-tdd/src/presentation/helpers/http-helper.ts": {"path":"/mnt/c/dev/clean-code-tdd/src/presentation/helpers/http-helper.ts","statementMap":{"0":{"start":{"line":2,"column":0},"end":{"line":2,"column":52}},"1":{"start":{"line":4,"column":26},"end":{"line":7,"column":2}},"2":{"start":{"line":4,"column":59},"end":{"line":7,"column":2}},"3":{"start":{"line":4,"column":13},"end":{"line":4,"column":26}},"4":{"start":{"line":9,"column":27},"end":{"line":12,"column":2}},"5":{"start":{"line":9,"column":48},"end":{"line":12,"column":2}},"6":{"start":{"line":9,"column":13},"end":{"line":9,"column":27}}},"fnMap":{"0":{"name":"(anonymous_0)","decl":{"start":{"line":4,"column":26},"end":{"line":4,"column":27}},"loc":{"start":{"line":4,"column":59},"end":{"line":7,"column":2}}},"1":{"name":"(anonymous_1)","decl":{"start":{"line":9,"column":27},"end":{"line":9,"column":44}},"loc":{"start":{"line":9,"column":48},"end":{"line":12,"column":2}}}},"branchMap":{},"s":{"0":1,"1":1,"2":6,"3":1,"4":1,"5":1,"6":1},"f":{"0":6,"1":1},"b":{}}
,"/mnt/c/dev/clean-code-tdd/src/presentation/protocols/index.ts": {"path":"/mnt/c/dev/clean-code-tdd/src/presentation/protocols/index.ts","statementMap":{"0":{"start":{"line":1,"column":0},"end":{"line":1,"column":28}},"1":{"start":{"line":2,"column":0},"end":{"line":2,"column":22}}},"fnMap":{},"branchMap":{},"s":{"0":0,"1":0},"f":{},"b":{}}
}
